0 info it worked if it ends with ok
1 verbose cli [ 'node', '/usr/local/bin/npm', 'install' ]
2 info using npm@2.11.2
3 info using node@v0.12.5
4 verbose readDependencies loading dependencies from /Users/js/sideprojects/package.json
5 verbose install where, deps [ '/Users/js/sideprojects',
5 verbose install   [ 'body-parser',
5 verbose install     'cookie-parser',
5 verbose install     'debug',
5 verbose install     'express',
5 verbose install     'jade',
5 verbose install     'morgan',
5 verbose install     'serve-favicon',
5 verbose install     'twilio',
5 verbose install     'os' ] ]
6 verbose install where, peers [ '/Users/js/sideprojects', [] ]
7 verbose installManyTop reading for lifecycle /Users/js/sideprojects/package.json
8 info preinstall sideprojects@0.0.0
9 verbose installManyTop reading scoped package data from /Users/js/sideprojects/node_modules/body-parser/package.json
10 verbose installManyTop reading scoped package data from /Users/js/sideprojects/node_modules/cookie-parser/package.json
11 verbose installManyTop reading scoped package data from /Users/js/sideprojects/node_modules/debug/package.json
12 verbose installManyTop reading scoped package data from /Users/js/sideprojects/node_modules/express/package.json
13 verbose installManyTop reading scoped package data from /Users/js/sideprojects/node_modules/jade/package.json
14 verbose installManyTop reading scoped package data from /Users/js/sideprojects/node_modules/morgan/package.json
15 verbose installManyTop reading scoped package data from /Users/js/sideprojects/node_modules/serve-favicon/package.json
16 verbose installManyTop reading scoped package data from /Users/js/sideprojects/node_modules/twilio/package.json
17 verbose readDependencies loading dependencies from /Users/js/sideprojects/package.json
18 verbose targetResolver reading package data from /Users/js/sideprojects/node_modules/body-parser/package.json
19 verbose targetResolver reading package data from /Users/js/sideprojects/node_modules/cookie-parser/package.json
20 verbose targetResolver reading package data from /Users/js/sideprojects/node_modules/debug/package.json
21 verbose targetResolver reading package data from /Users/js/sideprojects/node_modules/express/package.json
22 verbose targetResolver reading package data from /Users/js/sideprojects/node_modules/jade/package.json
23 verbose targetResolver reading package data from /Users/js/sideprojects/node_modules/morgan/package.json
24 verbose targetResolver reading package data from /Users/js/sideprojects/node_modules/serve-favicon/package.json
25 verbose targetResolver reading package data from /Users/js/sideprojects/node_modules/twilio/package.json
26 verbose targetResolver reading package data from /Users/js/sideprojects/node_modules/.bin/jade/package.json
27 verbose already installed skipping morgan@~1.6.1 /Users/js/sideprojects
28 verbose already installed skipping serve-favicon@~2.3.0 /Users/js/sideprojects
29 verbose already installed skipping twilio@* /Users/js/sideprojects
30 silly cache add args [ 'os@*', null ]
31 verbose cache add spec os@*
32 silly cache add parsed spec { raw: 'os@*',
32 silly cache add   scope: null,
32 silly cache add   name: 'os',
32 silly cache add   rawSpec: '*',
32 silly cache add   spec: '*',
32 silly cache add   type: 'range' }
33 silly addNamed os@*
34 verbose addNamed "*" is a valid semver range for os
35 silly addNameRange { name: 'os', range: '*', hasData: false }
36 silly mapToRegistry name os
37 silly mapToRegistry using default registry
38 silly mapToRegistry registry https://registry.npmjs.org/
39 silly mapToRegistry uri https://registry.npmjs.org/os
40 verbose addNameRange registry:https://registry.npmjs.org/os not in flight; fetching
41 verbose already installed skipping body-parser@~1.13.2 /Users/js/sideprojects
42 verbose already installed skipping cookie-parser@~1.3.5 /Users/js/sideprojects
43 verbose already installed skipping debug@~2.2.0 /Users/js/sideprojects
44 verbose already installed skipping express@~4.13.1 /Users/js/sideprojects
45 verbose request uri https://registry.npmjs.org/os
46 verbose request no auth needed
47 info attempt registry request try #1 at 1:45:44 PM
48 verbose request id 737aebd5d85558fb
49 http request GET https://registry.npmjs.org/os
50 verbose already installed skipping jade@~1.11.0 /Users/js/sideprojects
51 http 404 https://registry.npmjs.org/os
52 verbose headers { 'content-type': 'application/json',
52 verbose headers   'cache-control': 'max-age=0',
52 verbose headers   'content-length': '2',
52 verbose headers   'accept-ranges': 'bytes',
52 verbose headers   date: 'Sat, 06 Feb 2016 21:45:59 GMT',
52 verbose headers   via: '1.1 varnish',
52 verbose headers   age: '0',
52 verbose headers   connection: 'keep-alive',
52 verbose headers   'x-served-by': 'cache-dfw1834-DFW',
52 verbose headers   'x-cache': 'MISS',
52 verbose headers   'x-cache-hits': '0',
52 verbose headers   'x-timer': 'S1454795159.679006,VS0,VE283' }
53 silly get cb [ 404,
53 silly get   { 'content-type': 'application/json',
53 silly get     'cache-control': 'max-age=0',
53 silly get     'content-length': '2',
53 silly get     'accept-ranges': 'bytes',
53 silly get     date: 'Sat, 06 Feb 2016 21:45:59 GMT',
53 silly get     via: '1.1 varnish',
53 silly get     age: '0',
53 silly get     connection: 'keep-alive',
53 silly get     'x-served-by': 'cache-dfw1834-DFW',
53 silly get     'x-cache': 'MISS',
53 silly get     'x-cache-hits': '0',
53 silly get     'x-timer': 'S1454795159.679006,VS0,VE283' } ]
54 verbose stack Error: Registry returned 404 for GET on https://registry.npmjs.org/os
54 verbose stack     at CachingRegistryClient.<anonymous> (/usr/local/lib/node_modules/npm/node_modules/npm-registry-client/lib/request.js:239:14)
54 verbose stack     at Request._callback (/usr/local/lib/node_modules/npm/node_modules/npm-registry-client/lib/request.js:170:14)
54 verbose stack     at Request.self.callback (/usr/local/lib/node_modules/npm/node_modules/request/request.js:354:22)
54 verbose stack     at Request.emit (events.js:110:17)
54 verbose stack     at Request.<anonymous> (/usr/local/lib/node_modules/npm/node_modules/request/request.js:1207:14)
54 verbose stack     at Request.emit (events.js:129:20)
54 verbose stack     at IncomingMessage.<anonymous> (/usr/local/lib/node_modules/npm/node_modules/request/request.js:1153:12)
54 verbose stack     at IncomingMessage.emit (events.js:129:20)
54 verbose stack     at _stream_readable.js:908:16
54 verbose stack     at process._tickCallback (node.js:355:11)
55 verbose statusCode 404
56 verbose pkgid os
57 verbose cwd /Users/js/sideprojects
58 error Darwin 15.3.0
59 error argv "node" "/usr/local/bin/npm" "install"
60 error node v0.12.5
61 error npm  v2.11.2
62 error code E404
63 error 404 Registry returned 404 for GET on https://registry.npmjs.org/os
63 error 404
63 error 404 'os' is not in the npm registry.
63 error 404 Your package name is not valid, because
63 error 404
63 error 404  1. os is a core module name
63 error 404 It was specified as a dependency of 'sideprojects'
63 error 404
63 error 404 Note that you can also install from a
63 error 404 tarball, folder, http url, or git url.
64 verbose exit [ 1, true ]
